<?xml version="1.0" encoding="UTF-8"?>
<!-- Generated by org.testng.reporters.JUnitReportReporter -->
<testsuite skipped="0" hostname="LAPTOP-2S2VFR50" name="com.tests.SearchTests" tests="1" failures="0" timestamp="11 Apr 2017 14:38:06 GMT" time="5.584" errors="0">
  <testcase name="shouldDisplayResultsContainingKeyword" time="5.584" classname="com.tests.SearchTests"/>
</testsuite> <!-- com.tests.SearchTests -->
