<?xml version="1.0" encoding="UTF-8"?>
<!-- Generated by org.testng.reporters.JUnitReportReporter -->
<testsuite skipped="0" hostname="LAPTOP-2S2VFR50" name="com.testing.Test1" tests="1" failures="0" timestamp="10 Apr 2017 00:57:09 GMT" time="1.553" errors="0">
  <testcase name="test1" time="1.553" classname="com.testing.Test1"/>
</testsuite> <!-- com.testing.Test1 -->
