<?xml version="1.0" encoding="UTF-8"?>
<!-- Generated by org.testng.reporters.JUnitReportReporter -->
<testsuite skipped="0" hostname="LAPTOP-2S2VFR50" name="com.tests.Test1" tests="1" failures="0" timestamp="11 Apr 2017 14:08:42 GMT" time="8.231" errors="0">
  <testcase name="test1" time="8.231" classname="com.tests.Test1"/>
</testsuite> <!-- com.tests.Test1 -->
